<?xml version="1.0" encoding="UTF-8"?>
<!-- Generated by org.testng.reporters.JUnitReportReporter -->
<testsuite hostname="DESKTOP-60U1SAO" failures="0" tests="8" name="loginModule.TC01" time="1.634" errors="0" timestamp="2022-09-26T13:56:47 IST" skipped="0">
  <testcase classname="loginModule.TC01" name="entering_valid_credentials" time="0.182"/>
  <system-out/>
  <testcase classname="loginModule.TC01" name="entering_valid_credentials" time="0.189"/>
  <system-out/>
  <testcase classname="loginModule.TC01" name="entering_valid_credentials" time="0.184"/>
  <system-out/>
  <testcase classname="loginModule.TC01" name="entering_valid_credentials" time="0.212"/>
  <system-out/>
  <testcase classname="loginModule.TC01" name="entering_valid_credentials" time="0.183"/>
  <system-out/>
  <testcase classname="loginModule.TC01" name="entering_valid_credentials" time="0.325"/>
  <system-out/>
  <testcase classname="loginModule.TC01" name="entering_valid_credentials" time="0.176"/>
  <system-out/>
  <testcase classname="loginModule.TC01" name="entering_valid_credentials" time="0.183"/>
  <system-out/>
</testsuite> <!-- loginModule.TC01 -->
