<?xml version="1.0" encoding="UTF-8"?>
<!-- Generated by org.testng.reporters.JUnitReportReporter -->
<testsuite hostname="DESKTOP-60U1SAO" failures="0" tests="1" name="extentreport.DemoOfExtentReport" time="0.873" errors="0" timestamp="2022-09-26T15:48:44 IST" skipped="0">
  <testcase classname="extentreport.DemoOfExtentReport" name="report1" time="0.873"/>
  <system-out/>
</testsuite> <!-- extentreport.DemoOfExtentReport -->
